<?xml version="1.0" encoding="UTF-8"?>
<testsuite xmlns:xsi="http://www.w3.org/2001/XMLSchema-instance" xsi:noNamespaceSchemaLocation="https://maven.apache.org/surefire/maven-surefire-plugin/xsd/surefire-test-report-3.0.xsd" version="3.0" name="CountryApiTest" time="2.041" tests="1" errors="0" skipped="0" failures="0">
  <properties>
[...]
</properties>
  <testcase name="testGetCountriesByCurrency" classname="CountryApiTest" time="1.957">
    <system-out><![CDATA[Countries by Currency (EUR): [CountryInfo{Name = Common: Andorra, Official: Principality of Andorra, Native Name: null'
, Capital='[Andorra la Vella]'
Currencies='{EUR= Name: Euro, Symbol: €}'
, Population='77265'
, Continent='[Europe]'
}, CountryInfo{Name = Common: French Southern and Antarctic Lands, Official: Territory of the French Southern and Antarctic Lands, Native Name: null'
, Capital='[Port-aux-Français]'
Currencies='{EUR= Name: Euro, Symbol: €}'
, Population='400'
, Continent='[Antarctica]'
}, CountryInfo{Name = Common: Luxembourg, Official: Grand Duchy of Luxembourg, Native Name: null'
, Capital='[Luxembourg]'
Currencies='{EUR= Name: Euro, Symbol: €}'
, Population='632275'
, Continent='[Europe]'
}, CountryInfo{Name = Common: Mayotte, Official: Department of Mayotte, Native Name: null'
, Capital='[Mamoudzou]'
Currencies='{EUR= Name: Euro, Symbol: €}'
, Population='226915'
, Continent='[Africa]'
}, CountryInfo{Name = Common: Austria, Official: Republic of Austria, Native Name: null'
, Capital='[Vienna]'
Currencies='{EUR= Name: Euro, Symbol: €}'
, Population='8917205'
, Continent='[Europe]'
}, CountryInfo{Name = Common: Martinique, Official: Martinique, Native Name: null'
, Capital='[Fort-de-France]'
Currencies='{EUR= Name: Euro, Symbol: €}'
, Population='378243'
, Continent='[North America]'
}, CountryInfo{Name = Common: Estonia, Official: Republic of Estonia, Native Name: null'
, Capital='[Tallinn]'
Currencies='{EUR= Name: Euro, Symbol: €}'
, Population='1331057'
, Continent='[Europe]'
}, CountryInfo{Name = Common: Italy, Official: Italian Republic, Native Name: null'
, Capital='[Rome]'
Currencies='{EUR= Name: Euro, Symbol: €}'
, Population='59554023'
, Continent='[Europe]'
}, CountryInfo{Name = Common: Malta, Official: Republic of Malta, Native Name: null'
, Capital='[Valletta]'
Currencies='{EUR= Name: Euro, Symbol: €}'
, Population='525285'
, Continent='[Europe]'
}, CountryInfo{Name = Common: Slovenia, Official: Republic of Slovenia, Native Name: null'
, Capital='[Ljubljana]'
Currencies='{EUR= Name: Euro, Symbol: €}'
, Population='2100126'
, Continent='[Europe]'
}, CountryInfo{Name = Common: Portugal, Official: Portuguese Republic, Native Name: null'
, Capital='[Lisbon]'
Currencies='{EUR= Name: Euro, Symbol: €}'
, Population='10305564'
, Continent='[Europe]'
}, CountryInfo{Name = Common: Kosovo, Official: Republic of Kosovo, Native Name: null'
, Capital='[Pristina]'
Currencies='{EUR= Name: Euro, Symbol: €}'
, Population='1775378'
, Continent='[Europe]'
}, CountryInfo{Name = Common: France, Official: French Republic, Native Name: null'
, Capital='[Paris]'
Currencies='{EUR= Name: Euro, Symbol: €}'
, Population='67391582'
, Continent='[Europe]'
}, CountryInfo{Name = Common: Ireland, Official: Republic of Ireland, Native Name: null'
, Capital='[Dublin]'
Currencies='{EUR= Name: Euro, Symbol: €}'
, Population='4994724'
, Continent='[Europe]'
}, CountryInfo{Name = Common: Finland, Official: Republic of Finland, Native Name: null'
, Capital='[Helsinki]'
Currencies='{EUR= Name: Euro, Symbol: €}'
, Population='5530719'
, Continent='[Europe]'
}, CountryInfo{Name = Common: Belgium, Official: Kingdom of Belgium, Native Name: null'
, Capital='[Brussels]'
Currencies='{EUR= Name: Euro, Symbol: €}'
, Population='11555997'
, Continent='[Europe]'
}, CountryInfo{Name = Common: Guadeloupe, Official: Guadeloupe, Native Name: null'
, Capital='[Basse-Terre]'
Currencies='{EUR= Name: Euro, Symbol: €}'
, Population='400132'
, Continent='[North America]'
}, CountryInfo{Name = Common: Spain, Official: Kingdom of Spain, Native Name: null'
, Capital='[Madrid]'
Currencies='{EUR= Name: Euro, Symbol: €}'
, Population='47351567'
, Continent='[Europe]'
}, CountryInfo{Name = Common: Lithuania, Official: Republic of Lithuania, Native Name: null'
, Capital='[Vilnius]'
Currencies='{EUR= Name: Euro, Symbol: €}'
, Population='2794700'
, Continent='[Europe]'
}, CountryInfo{Name = Common: Netherlands, Official: Kingdom of the Netherlands, Native Name: null'
, Capital='[Amsterdam]'
Currencies='{EUR= Name: Euro, Symbol: €}'
, Population='16655799'
, Continent='[Europe]'
}, CountryInfo{Name = Common: Croatia, Official: Republic of Croatia, Native Name: null'
, Capital='[Zagreb]'
Currencies='{EUR= Name: Euro, Symbol: €}'
, Population='4047200'
, Continent='[Europe]'
}, CountryInfo{Name = Common: Slovakia, Official: Slovak Republic, Native Name: null'
, Capital='[Bratislava]'
Currencies='{EUR= Name: Euro, Symbol: €}'
, Population='5458827'
, Continent='[Europe]'
}, CountryInfo{Name = Common: Åland Islands, Official: Åland Islands, Native Name: null'
, Capital='[Mariehamn]'
Currencies='{EUR= Name: Euro, Symbol: €}'
, Population='29458'
, Continent='[Europe]'
}, CountryInfo{Name = Common: Montenegro, Official: Montenegro, Native Name: null'
, Capital='[Podgorica]'
Currencies='{EUR= Name: Euro, Symbol: €}'
, Population='621718'
, Continent='[Europe]'
}, CountryInfo{Name = Common: French Guiana, Official: Guiana, Native Name: null'
, Capital='[Cayenne]'
Currencies='{EUR= Name: Euro, Symbol: €}'
, Population='254541'
, Continent='[South America]'
}, CountryInfo{Name = Common: Saint Pierre and Miquelon, Official: Saint Pierre and Miquelon, Native Name: null'
, Capital='[Saint-Pierre]'
Currencies='{EUR= Name: Euro, Symbol: €}'
, Population='6069'
, Continent='[North America]'
}, CountryInfo{Name = Common: Germany, Official: Federal Republic of Germany, Native Name: null'
, Capital='[Berlin]'
Currencies='{EUR= Name: Euro, Symbol: €}'
, Population='83240525'
, Continent='[Europe]'
}, CountryInfo{Name = Common: Vatican City, Official: Vatican City State, Native Name: null'
, Capital='[Vatican City]'
Currencies='{EUR= Name: Euro, Symbol: €}'
, Population='451'
, Continent='[Europe]'
}, CountryInfo{Name = Common: Latvia, Official: Republic of Latvia, Native Name: null'
, Capital='[Riga]'
Currencies='{EUR= Name: Euro, Symbol: €}'
, Population='1901548'
, Continent='[Europe]'
}, CountryInfo{Name = Common: San Marino, Official: Republic of San Marino, Native Name: null'
, Capital='[City of San Marino]'
Currencies='{EUR= Name: Euro, Symbol: €}'
, Population='33938'
, Continent='[Europe]'
}, CountryInfo{Name = Common: Réunion, Official: Réunion Island, Native Name: null'
, Capital='[Saint-Denis]'
Currencies='{EUR= Name: Euro, Symbol: €}'
, Population='840974'
, Continent='[Africa]'
}, CountryInfo{Name = Common: Greece, Official: Hellenic Republic, Native Name: Official: Ελληνική Δημοκρατία, Common: Ελλάδα'
, Capital='[Athens]'
Currencies='{EUR= Name: Euro, Symbol: €}'
, Population='10715549'
, Continent='[Europe]'
}, CountryInfo{Name = Common: Saint Martin, Official: Saint Martin, Native Name: null'
, Capital='[Marigot]'
Currencies='{EUR= Name: Euro, Symbol: €}'
, Population='38659'
, Continent='[North America]'
}, CountryInfo{Name = Common: Cyprus, Official: Republic of Cyprus, Native Name: Official: Δημοκρατία της Κύπρος, Common: Κύπρος'
, Capital='[Nicosia]'
Currencies='{EUR= Name: Euro, Symbol: €}'
, Population='1207361'
, Continent='[Europe]'
}, CountryInfo{Name = Common: Saint Barthélemy, Official: Collectivity of Saint Barthélemy, Native Name: null'
, Capital='[Gustavia]'
Currencies='{EUR= Name: Euro, Symbol: €}'
, Population='4255'
, Continent='[North America]'
}, CountryInfo{Name = Common: Monaco, Official: Principality of Monaco, Native Name: null'
, Capital='[Monaco]'
Currencies='{EUR= Name: Euro, Symbol: €}'
, Population='39244'
, Continent='[Europe]'
}]
]]></system-out>
  </testcase>
</testsuite>